2026/01/04 00:17:38 Daemon starting (PID 715134)
2026/01/04 00:17:38 Daemon running, recovery heartbeat interval 3m0s
2026/01/04 00:17:38 Feed curator started
2026/01/04 00:17:38 Heartbeat starting (recovery-focused)
2026/01/04 00:17:38 Spawning Boot for triage...
2026/01/04 00:17:38 Boot spawned successfully
2026/01/04 00:17:38 Witness for psu_teaching not running per agent bead, starting...
2026/01/04 00:17:38 Witness session for psu_teaching started successfully
2026/01/04 00:17:39 Heartbeat complete (#1)
2026/01/04 00:20:38 Heartbeat starting (recovery-focused)
2026/01/04 00:20:38 Spawning Boot for triage...
2026/01/04 00:20:38 Boot spawned successfully
2026/01/04 00:20:38 Witness for psu_teaching not running per agent bead, starting...
2026/01/04 00:20:38 Error creating witness session for psu_teaching: session already exists
2026/01/04 00:20:39 Heartbeat complete (#2)
2026/01/04 00:23:39 Heartbeat starting (recovery-focused)
2026/01/04 00:23:39 Spawning Boot for triage...
2026/01/04 00:23:39 Boot spawned successfully
2026/01/04 00:23:39 Witness for psu_teaching not running per agent bead, starting...
2026/01/04 00:23:39 Error creating witness session for psu_teaching: session already exists
2026/01/04 00:23:39 Heartbeat complete (#3)
2026/01/04 00:26:39 Heartbeat starting (recovery-focused)
2026/01/04 00:26:39 Spawning Boot for triage...
2026/01/04 00:26:39 Boot spawned successfully
2026/01/04 00:26:39 Witness for psu_teaching not running per agent bead, starting...
2026/01/04 00:26:39 Error creating witness session for psu_teaching: session already exists
2026/01/04 00:26:40 Heartbeat complete (#4)
2026/01/04 00:29:40 Heartbeat starting (recovery-focused)
2026/01/04 00:29:40 Spawning Boot for triage...
2026/01/04 00:29:40 Boot spawned successfully
2026/01/04 00:29:40 Witness for 10x_screening not running per agent bead, starting...
2026/01/04 00:29:40 Witness session for 10x_screening started successfully
2026/01/04 00:29:40 Witness for fl_tanwa_info not running per agent bead, starting...
2026/01/04 00:29:40 Witness session for fl_tanwa_info started successfully
2026/01/04 00:29:40 Witness for psu_teaching not running per agent bead, starting...
2026/01/04 00:29:40 Error creating witness session for psu_teaching: session already exists
2026/01/04 00:29:42 Heartbeat complete (#5)
2026/01/04 00:32:42 Heartbeat starting (recovery-focused)
2026/01/04 00:32:42 Spawning Boot for triage...
2026/01/04 00:32:42 Boot spawned successfully
2026/01/04 00:32:42 Witness for 10x_screening not running per agent bead, starting...
2026/01/04 00:32:42 Error creating witness session for 10x_screening: session already exists
2026/01/04 00:32:42 Witness for fl_tanwa_info not running per agent bead, starting...
2026/01/04 00:32:42 Error creating witness session for fl_tanwa_info: session already exists
2026/01/04 00:32:42 Witness for psu_teaching not running per agent bead, starting...
2026/01/04 00:32:42 Error creating witness session for psu_teaching: session already exists
2026/01/04 00:32:43 Heartbeat complete (#6)
2026/01/04 00:35:43 Heartbeat starting (recovery-focused)
2026/01/04 00:35:43 Spawning Boot for triage...
2026/01/04 00:35:43 Boot spawned successfully
2026/01/04 00:35:43 Witness for 10x_screening not running per agent bead, starting...
2026/01/04 00:35:43 Error creating witness session for 10x_screening: session already exists
2026/01/04 00:35:43 Witness for fl_tanwa_info not running per agent bead, starting...
2026/01/04 00:35:43 Error creating witness session for fl_tanwa_info: session already exists
2026/01/04 00:35:43 Witness for psu_teaching not running per agent bead, starting...
2026/01/04 00:35:43 Error creating witness session for psu_teaching: session already exists
2026/01/04 00:35:43 Heartbeat complete (#7)
2026/01/04 00:38:43 Heartbeat starting (recovery-focused)
2026/01/04 00:38:43 Spawning Boot for triage...
2026/01/04 00:38:44 Boot spawned successfully
2026/01/04 00:38:44 Witness for 10x_screening not running per agent bead, starting...
2026/01/04 00:38:44 Error creating witness session for 10x_screening: session already exists
2026/01/04 00:38:44 Witness for fl_tanwa_info not running per agent bead, starting...
2026/01/04 00:38:44 Error creating witness session for fl_tanwa_info: session already exists
2026/01/04 00:38:44 Witness for psu_teaching not running per agent bead, starting...
2026/01/04 00:38:44 Error creating witness session for psu_teaching: session already exists
2026/01/04 00:38:44 Heartbeat complete (#8)
2026/01/04 00:41:44 Heartbeat starting (recovery-focused)
2026/01/04 00:41:44 Spawning Boot for triage...
2026/01/04 00:41:44 Boot spawned successfully
2026/01/04 00:41:44 Witness for 10x_screening not running per agent bead, starting...
2026/01/04 00:41:44 Error creating witness session for 10x_screening: session already exists
2026/01/04 00:41:45 Witness for fl_tanwa_info not running per agent bead, starting...
2026/01/04 00:41:45 Error creating witness session for fl_tanwa_info: session already exists
2026/01/04 00:41:45 Witness for psu_teaching not running per agent bead, starting...
2026/01/04 00:41:45 Error creating witness session for psu_teaching: session already exists
2026/01/04 00:41:45 Agent gt-mayor appears dead (state=running, last update 16m0s ago, timeout 15m0s)
2026/01/04 00:41:45 Marked agent gt-mayor as dead due to timeout
2026/01/04 00:41:45 Heartbeat complete (#9)
2026/01/04 00:44:45 Heartbeat starting (recovery-focused)
2026/01/04 00:44:45 Spawning Boot for triage...
2026/01/04 00:44:46 Boot spawned successfully
2026/01/04 00:44:46 Witness for 10x_screening not running per agent bead, starting...
2026/01/04 00:44:46 Error creating witness session for 10x_screening: session already exists
2026/01/04 00:44:46 Witness for fl_tanwa_info not running per agent bead, starting...
2026/01/04 00:44:46 Error creating witness session for fl_tanwa_info: session already exists
2026/01/04 00:44:46 Witness for psu_teaching not running per agent bead, starting...
2026/01/04 00:44:46 Error creating witness session for psu_teaching: session already exists
2026/01/04 00:44:46 Heartbeat complete (#10)
2026/01/04 00:47:46 Heartbeat starting (recovery-focused)
2026/01/04 00:47:46 Spawning Boot for triage...
2026/01/04 00:47:47 Boot spawned successfully
2026/01/04 00:47:47 Witness for 10x_screening not running per agent bead, starting...
2026/01/04 00:47:47 Error creating witness session for 10x_screening: session already exists
2026/01/04 00:47:47 Witness for fl_tanwa_info not running per agent bead, starting...
2026/01/04 00:47:47 Error creating witness session for fl_tanwa_info: session already exists
2026/01/04 00:47:47 Witness for psu_teaching not running per agent bead, starting...
2026/01/04 00:47:47 Error creating witness session for psu_teaching: session already exists
2026/01/04 00:47:47 Heartbeat complete (#11)
2026/01/04 00:50:47 Heartbeat starting (recovery-focused)
2026/01/04 00:50:47 Spawning Boot for triage...
2026/01/04 00:50:48 Boot spawned successfully
2026/01/04 00:50:48 Witness for 10x_screening not running per agent bead, starting...
2026/01/04 00:50:48 Error creating witness session for 10x_screening: session already exists
2026/01/04 00:50:48 Witness for fl_tanwa_info not running per agent bead, starting...
2026/01/04 00:50:48 Error creating witness session for fl_tanwa_info: session already exists
2026/01/04 00:50:48 Witness for psu_teaching not running per agent bead, starting...
2026/01/04 00:50:48 Error creating witness session for psu_teaching: session already exists
2026/01/04 00:50:51 Heartbeat complete (#12)
2026/01/04 00:53:51 Heartbeat starting (recovery-focused)
2026/01/04 00:53:51 Spawning Boot for triage...
2026/01/04 00:53:52 Boot spawned successfully
2026/01/04 00:53:52 Witness for 10x_screening not running per agent bead, starting...
2026/01/04 00:53:52 Error creating witness session for 10x_screening: session already exists
2026/01/04 00:53:52 Witness for fl_tanwa_info not running per agent bead, starting...
2026/01/04 00:53:52 Error creating witness session for fl_tanwa_info: session already exists
2026/01/04 00:53:52 Witness for psu_teaching not running per agent bead, starting...
2026/01/04 00:53:52 Error creating witness session for psu_teaching: session already exists
2026/01/04 00:53:54 Heartbeat complete (#13)
2026/01/04 00:56:54 Heartbeat starting (recovery-focused)
2026/01/04 00:56:54 Spawning Boot for triage...
2026/01/04 00:56:54 Boot spawned successfully
2026/01/04 00:56:55 Witness for 10x_screening not running per agent bead, starting...
2026/01/04 00:56:55 Error creating witness session for 10x_screening: session already exists
2026/01/04 00:56:55 Witness for fl_tanwa_info not running per agent bead, starting...
2026/01/04 00:56:55 Error creating witness session for fl_tanwa_info: session already exists
2026/01/04 00:56:55 Witness for psu_teaching not running per agent bead, starting...
2026/01/04 00:56:55 Error creating witness session for psu_teaching: session already exists
2026/01/04 00:56:58 Heartbeat complete (#14)
2026/01/04 00:59:58 Heartbeat starting (recovery-focused)
2026/01/04 00:59:58 Spawning Boot for triage...
2026/01/04 00:59:58 Boot spawned successfully
2026/01/04 00:59:58 Witness for 10x_screening not running per agent bead, starting...
2026/01/04 00:59:59 Error creating witness session for 10x_screening: session already exists
2026/01/04 00:59:59 Witness for fl_tanwa_info not running per agent bead, starting...
2026/01/04 00:59:59 Error creating witness session for fl_tanwa_info: session already exists
2026/01/04 00:59:59 Witness for psu_teaching not running per agent bead, starting...
2026/01/04 00:59:59 Error creating witness session for psu_teaching: session already exists
2026/01/04 01:00:01 Heartbeat complete (#15)
2026/01/04 01:03:01 Heartbeat starting (recovery-focused)
2026/01/04 01:03:01 Spawning Boot for triage...
2026/01/04 01:03:01 Boot spawned successfully
2026/01/04 01:03:01 Witness for 10x_screening not running per agent bead, starting...
2026/01/04 01:03:01 Error creating witness session for 10x_screening: session already exists
2026/01/04 01:03:01 Witness for fl_tanwa_info not running per agent bead, starting...
2026/01/04 01:03:01 Error creating witness session for fl_tanwa_info: session already exists
2026/01/04 01:03:01 Witness for psu_teaching not running per agent bead, starting...
2026/01/04 01:03:01 Error creating witness session for psu_teaching: session already exists
2026/01/04 01:03:03 Heartbeat complete (#16)
2026/01/04 01:06:03 Heartbeat starting (recovery-focused)
2026/01/04 01:06:03 Spawning Boot for triage...
2026/01/04 01:06:03 Boot spawned successfully
2026/01/04 01:06:03 Witness for 10x_screening not running per agent bead, starting...
2026/01/04 01:06:03 Error creating witness session for 10x_screening: session already exists
2026/01/04 01:06:03 Witness for fl_tanwa_info not running per agent bead, starting...
2026/01/04 01:06:03 Error creating witness session for fl_tanwa_info: session already exists
2026/01/04 01:06:03 Witness for psu_teaching not running per agent bead, starting...
2026/01/04 01:06:03 Error creating witness session for psu_teaching: session already exists
2026/01/04 01:06:05 Heartbeat complete (#17)
2026/01/04 01:09:05 Heartbeat starting (recovery-focused)
2026/01/04 01:09:05 Spawning Boot for triage...
2026/01/04 01:09:05 Boot spawned successfully
2026/01/04 01:09:05 Witness for 10x_screening not running per agent bead, starting...
2026/01/04 01:09:05 Error creating witness session for 10x_screening: session already exists
2026/01/04 01:09:05 Witness for fl_tanwa_info not running per agent bead, starting...
2026/01/04 01:09:05 Error creating witness session for fl_tanwa_info: session already exists
2026/01/04 01:09:05 Witness for psu_teaching not running per agent bead, starting...
2026/01/04 01:09:05 Error creating witness session for psu_teaching: session already exists
2026/01/04 01:09:06 Heartbeat complete (#18)
2026/01/04 01:12:06 Heartbeat starting (recovery-focused)
2026/01/04 01:12:06 Spawning Boot for triage...
2026/01/04 01:12:07 Boot spawned successfully
2026/01/04 01:12:07 Deacon heartbeat is stale (15m0s old), checking session...
2026/01/04 01:12:07 Deacon stuck for 15m0s - nudging session
2026/01/04 01:12:07 Witness for 10x_screening not running per agent bead, starting...
2026/01/04 01:12:07 Error creating witness session for 10x_screening: session already exists
2026/01/04 01:12:07 Witness for fl_tanwa_info not running per agent bead, starting...
2026/01/04 01:12:07 Error creating witness session for fl_tanwa_info: session already exists
2026/01/04 01:12:08 Witness for psu_teaching not running per agent bead, starting...
2026/01/04 01:12:08 Error creating witness session for psu_teaching: session already exists
2026/01/04 01:12:09 Heartbeat complete (#19)
2026/01/04 01:15:09 Heartbeat starting (recovery-focused)
2026/01/04 01:15:09 Spawning Boot for triage...
2026/01/04 01:15:09 Boot spawned successfully
2026/01/04 01:15:09 Witness for 10x_screening not running per agent bead, starting...
2026/01/04 01:15:09 Error creating witness session for 10x_screening: session already exists
2026/01/04 01:15:09 Witness for fl_tanwa_info not running per agent bead, starting...
2026/01/04 01:15:09 Error creating witness session for fl_tanwa_info: session already exists
2026/01/04 01:15:09 Witness for psu_teaching not running per agent bead, starting...
2026/01/04 01:15:09 Error creating witness session for psu_teaching: session already exists
2026/01/04 01:15:11 Heartbeat complete (#20)
2026/01/04 01:18:11 Heartbeat starting (recovery-focused)
2026/01/04 01:18:11 Spawning Boot for triage...
2026/01/04 01:18:11 Boot spawned successfully
2026/01/04 01:18:11 Witness for fl_tanwa_info not running per agent bead, starting...
2026/01/04 01:18:11 Error creating witness session for fl_tanwa_info: session already exists
2026/01/04 01:18:12 Witness for psu_teaching not running per agent bead, starting...
2026/01/04 01:18:12 Error creating witness session for psu_teaching: session already exists
2026/01/04 01:18:12 Witness for 10x_screening not running per agent bead, starting...
2026/01/04 01:18:12 Error creating witness session for 10x_screening: session already exists
2026/01/04 01:18:16 Heartbeat complete (#21)
2026/01/04 01:21:16 Heartbeat starting (recovery-focused)
2026/01/04 01:21:16 Spawning Boot for triage...
2026/01/04 01:21:16 Boot spawned successfully
2026/01/04 01:21:16 Witness for 10x_screening not running per agent bead, starting...
2026/01/04 01:21:16 Error creating witness session for 10x_screening: session already exists
2026/01/04 01:21:16 Witness for fl_tanwa_info not running per agent bead, starting...
2026/01/04 01:21:16 Error creating witness session for fl_tanwa_info: session already exists
2026/01/04 01:21:16 Witness for psu_teaching not running per agent bead, starting...
2026/01/04 01:21:16 Error creating witness session for psu_teaching: session already exists
2026/01/04 01:21:18 Heartbeat complete (#22)
2026/01/04 01:24:18 Heartbeat starting (recovery-focused)
2026/01/04 01:24:18 Spawning Boot for triage...
2026/01/04 01:24:18 Boot spawned successfully
2026/01/04 01:24:18 Witness for psu_teaching not running per agent bead, starting...
2026/01/04 01:24:18 Error creating witness session for psu_teaching: session already exists
2026/01/04 01:24:18 Witness for 10x_screening not running per agent bead, starting...
2026/01/04 01:24:19 Error creating witness session for 10x_screening: session already exists
2026/01/04 01:24:19 Witness for fl_tanwa_info not running per agent bead, starting...
2026/01/04 01:24:19 Error creating witness session for fl_tanwa_info: session already exists
2026/01/04 01:24:21 Heartbeat complete (#23)
2026/01/04 01:27:21 Heartbeat starting (recovery-focused)
2026/01/04 01:27:21 Spawning Boot for triage...
2026/01/04 01:27:21 Boot spawned successfully
2026/01/04 01:27:21 Witness for fl_tanwa_info not running per agent bead, starting...
2026/01/04 01:27:21 Error creating witness session for fl_tanwa_info: session already exists
2026/01/04 01:27:21 Witness for psu_teaching not running per agent bead, starting...
2026/01/04 01:27:21 Error creating witness session for psu_teaching: session already exists
2026/01/04 01:27:21 Witness for 10x_screening not running per agent bead, starting...
2026/01/04 01:27:21 Error creating witness session for 10x_screening: session already exists
2026/01/04 01:27:23 Heartbeat complete (#24)
2026/01/04 01:30:23 Heartbeat starting (recovery-focused)
2026/01/04 01:30:23 Spawning Boot for triage...
2026/01/04 01:30:23 Boot spawned successfully
2026/01/04 01:30:23 Witness for 10x_screening not running per agent bead, starting...
2026/01/04 01:30:23 Error creating witness session for 10x_screening: session already exists
2026/01/04 01:30:23 Witness for fl_tanwa_info not running per agent bead, starting...
2026/01/04 01:30:23 Error creating witness session for fl_tanwa_info: session already exists
2026/01/04 01:30:23 Witness for psu_teaching not running per agent bead, starting...
2026/01/04 01:30:23 Error creating witness session for psu_teaching: session already exists
2026/01/04 01:30:25 Heartbeat complete (#25)
2026/01/04 01:33:25 Heartbeat starting (recovery-focused)
2026/01/04 01:33:25 Spawning Boot for triage...
2026/01/04 01:33:25 Boot spawned successfully
2026/01/04 01:33:25 Witness for 10x_screening not running per agent bead, starting...
2026/01/04 01:33:25 Error creating witness session for 10x_screening: session already exists
2026/01/04 01:33:25 Witness for fl_tanwa_info not running per agent bead, starting...
2026/01/04 01:33:25 Error creating witness session for fl_tanwa_info: session already exists
2026/01/04 01:33:25 Witness for psu_teaching not running per agent bead, starting...
2026/01/04 01:33:25 Error creating witness session for psu_teaching: session already exists
2026/01/04 01:33:27 Heartbeat complete (#26)
2026/01/04 01:36:27 Heartbeat starting (recovery-focused)
2026/01/04 01:36:27 Spawning Boot for triage...
2026/01/04 01:36:27 Boot spawned successfully
2026/01/04 01:36:27 Deacon heartbeat is stale (17m0s old), checking session...
2026/01/04 01:36:27 Deacon stuck for 17m0s - nudging session
2026/01/04 01:36:28 Witness for 10x_screening not running per agent bead, starting...
2026/01/04 01:36:28 Error creating witness session for 10x_screening: session already exists
2026/01/04 01:36:28 Witness for fl_tanwa_info not running per agent bead, starting...
2026/01/04 01:36:28 Error creating witness session for fl_tanwa_info: session already exists
2026/01/04 01:36:28 Witness for psu_teaching not running per agent bead, starting...
2026/01/04 01:36:28 Error creating witness session for psu_teaching: session already exists
2026/01/04 01:36:29 Heartbeat complete (#27)
2026/01/04 01:39:29 Heartbeat starting (recovery-focused)
2026/01/04 01:39:29 Spawning Boot for triage...
2026/01/04 01:39:30 Boot spawned successfully
2026/01/04 01:39:30 Witness for 10x_screening not running per agent bead, starting...
2026/01/04 01:39:30 Error creating witness session for 10x_screening: session already exists
2026/01/04 01:39:30 Witness for fl_tanwa_info not running per agent bead, starting...
2026/01/04 01:39:30 Error creating witness session for fl_tanwa_info: session already exists
2026/01/04 01:39:30 Witness for psu_teaching not running per agent bead, starting...
2026/01/04 01:39:30 Error creating witness session for psu_teaching: session already exists
2026/01/04 01:39:31 Heartbeat complete (#28)
2026/01/04 01:42:31 Heartbeat starting (recovery-focused)
2026/01/04 01:42:31 Spawning Boot for triage...
2026/01/04 01:42:31 Boot spawned successfully
2026/01/04 01:42:31 Witness for 10x_screening not running per agent bead, starting...
2026/01/04 01:42:31 Error creating witness session for 10x_screening: session already exists
2026/01/04 01:42:31 Witness for fl_tanwa_info not running per agent bead, starting...
2026/01/04 01:42:31 Error creating witness session for fl_tanwa_info: session already exists
2026/01/04 01:42:31 Witness for psu_teaching not running per agent bead, starting...
2026/01/04 01:42:31 Error creating witness session for psu_teaching: session already exists
2026/01/04 01:42:32 Heartbeat complete (#29)
2026/01/04 01:45:32 Heartbeat starting (recovery-focused)
2026/01/04 01:45:32 Spawning Boot for triage...
2026/01/04 01:45:32 Boot spawned successfully
2026/01/04 01:45:32 Witness for 10x_screening not running per agent bead, starting...
2026/01/04 01:45:32 Error creating witness session for 10x_screening: session already exists
2026/01/04 01:45:33 Witness for fl_tanwa_info not running per agent bead, starting...
2026/01/04 01:45:33 Error creating witness session for fl_tanwa_info: session already exists
2026/01/04 01:45:33 Witness for psu_teaching not running per agent bead, starting...
2026/01/04 01:45:33 Error creating witness session for psu_teaching: session already exists
2026/01/04 01:45:37 Heartbeat complete (#30)
2026/01/04 01:48:37 Heartbeat starting (recovery-focused)
2026/01/04 01:48:37 Spawning Boot for triage...
2026/01/04 01:48:37 Boot spawned successfully
2026/01/04 01:48:37 Witness for 10x_screening not running per agent bead, starting...
2026/01/04 01:48:37 Error creating witness session for 10x_screening: session already exists
2026/01/04 01:48:37 Witness for fl_tanwa_info not running per agent bead, starting...
2026/01/04 01:48:37 Error creating witness session for fl_tanwa_info: session already exists
2026/01/04 01:48:37 Witness for psu_teaching not running per agent bead, starting...
2026/01/04 01:48:37 Error creating witness session for psu_teaching: session already exists
2026/01/04 01:48:39 Heartbeat complete (#31)
2026/01/04 01:51:39 Heartbeat starting (recovery-focused)
2026/01/04 01:51:39 Spawning Boot for triage...
2026/01/04 01:51:39 Boot spawned successfully
2026/01/04 01:51:40 Witness for 10x_screening not running per agent bead, starting...
2026/01/04 01:51:40 Error creating witness session for 10x_screening: session already exists
2026/01/04 01:51:40 Witness for fl_tanwa_info not running per agent bead, starting...
2026/01/04 01:51:40 Error creating witness session for fl_tanwa_info: session already exists
2026/01/04 01:51:40 Witness for psu_teaching not running per agent bead, starting...
2026/01/04 01:51:40 Error creating witness session for psu_teaching: session already exists
2026/01/04 01:51:42 Heartbeat complete (#32)
2026/01/04 01:54:42 Heartbeat starting (recovery-focused)
2026/01/04 01:54:42 Spawning Boot for triage...
2026/01/04 01:54:42 Boot spawned successfully
2026/01/04 01:54:42 Witness for 10x_screening not running per agent bead, starting...
2026/01/04 01:54:42 Witness session for 10x_screening started successfully
2026/01/04 01:54:42 Witness for fl_tanwa_info not running per agent bead, starting...
2026/01/04 01:54:42 Witness session for fl_tanwa_info started successfully
2026/01/04 01:54:42 Witness for psu_teaching not running per agent bead, starting...
2026/01/04 01:54:43 Witness session for psu_teaching started successfully
2026/01/04 01:54:44 Heartbeat complete (#33)
2026/01/04 01:57:44 Heartbeat starting (recovery-focused)
2026/01/04 01:57:44 Spawning Boot for triage...
2026/01/04 01:57:44 Boot spawned successfully
2026/01/04 01:57:44 Witness for fl_tanwa_info not running per agent bead, starting...
2026/01/04 01:57:45 Witness session for fl_tanwa_info started successfully
2026/01/04 01:57:45 Witness for psu_teaching not running per agent bead, starting...
2026/01/04 01:57:45 Witness session for psu_teaching started successfully
2026/01/04 01:57:45 Witness for 10x_screening not running per agent bead, starting...
2026/01/04 01:57:45 Witness session for 10x_screening started successfully
2026/01/04 01:57:48 Heartbeat complete (#34)
2026/01/04 02:00:48 Heartbeat starting (recovery-focused)
2026/01/04 02:00:48 Spawning Boot for triage...
2026/01/04 02:00:48 Boot spawned successfully
2026/01/04 02:00:48 Witness for fl_tanwa_info not running per agent bead, starting...
2026/01/04 02:00:48 Error creating witness session for fl_tanwa_info: session already exists
2026/01/04 02:00:48 Witness for psu_teaching not running per agent bead, starting...
2026/01/04 02:00:48 Error creating witness session for psu_teaching: session already exists
2026/01/04 02:00:48 Witness for 10x_screening not running per agent bead, starting...
2026/01/04 02:00:48 Error creating witness session for 10x_screening: session already exists
2026/01/04 02:00:49 Heartbeat complete (#35)
2026/01/04 02:03:49 Heartbeat starting (recovery-focused)
2026/01/04 02:03:49 Spawning Boot for triage...
2026/01/04 02:03:49 Boot spawned successfully
2026/01/04 02:03:49 Witness for 10x_screening not running per agent bead, starting...
2026/01/04 02:03:49 Error creating witness session for 10x_screening: session already exists
2026/01/04 02:03:49 Witness for fl_tanwa_info not running per agent bead, starting...
2026/01/04 02:03:49 Error creating witness session for fl_tanwa_info: session already exists
2026/01/04 02:03:49 Witness for psu_teaching not running per agent bead, starting...
2026/01/04 02:03:49 Error creating witness session for psu_teaching: session already exists
2026/01/04 02:03:49 Heartbeat complete (#36)
