2026-01-04 00:12:14 [nudge] deacon nudged with "[from deacon] session-started"
2026-01-04 00:49:48 [nudge] deacon nudged with "[from fl_tanwa_info/furiosa] session-started"
2026-01-04 00:50:15 [nudge] deacon nudged with "[from fl_tanwa_info/refinery] session-started"
2026-01-04 00:50:37 [nudge] deacon nudged with "[from fl_tanwa_info/nux] session-started"
2026-01-04 00:50:59 [nudge] fl_tanwa_info/nux nudged with "[from fl_tanwa_info/witness] Work slung: fl_tan..."
2026-01-04 00:56:46 [done] fl_tanwa_info/nux completed nux-mjyllrcr
2026-01-04 00:57:42 [kill] fl_tanwa_info/nux killed (gt session stop)
2026-01-04 00:59:00 [nudge] deacon nudged with "[from 10x_screening/furiosa] session-started"
2026-01-04 00:59:24 [nudge] deacon nudged with "[from 10x_screening/refinery] session-started"
2026-01-04 01:00:40 [done] fl_tanwa_info/furiosa completed furiosa-mjyll3c5
2026-01-04 01:01:42 [kill] fl_tanwa_info/furiosa killed (gt session stop)
2026-01-04 01:05:51 [done] 10x_screening/furiosa completed furiosa-mjylws4o
2026-01-04 01:13:55 [nudge] deacon nudged with "[from fl_tanwa_info/nux] session-started"
2026-01-04 01:17:56 [nudge] deacon nudged with "[from 10x_screening/nux] session-started"
2026-01-04 01:19:00 [nudge] deacon nudged with "[from 10x_screening/slit] session-started"
2026-01-04 01:21:42 [done] fl_tanwa_info/nux completed nux-mjymg1r0
2026-01-04 01:22:07 [kill] fl_tanwa_info/nux killed (gt session stop)
2026-01-04 01:27:39 [done] 10x_screening/nux completed nux-mjyml7cu
2026-01-04 01:43:26 [nudge] deacon nudged with "[from fl_tanwa_info/nux] session-started"
2026-01-04 01:46:05 [nudge] deacon nudged with "[from 10x_screening/slit] session-started"
2026-01-04 01:46:22 [done] fl_tanwa_info/nux completed nux-mjyni00y
2026-01-04 01:46:52 [kill] fl_tanwa_info/nux killed (gt session stop)
2026-01-04 01:46:57 [nudge] 10x_screening/slit nudged with "[from 10x_screening/witness] Work slung: 10x_sc..."
2026-01-04 01:51:53 [nudge] deacon nudged with "[from fl_tanwa_info/furiosa] session-started"
2026-01-04 01:52:51 [kill] 10x_screening/furiosa killed (gt stop)
2026-01-04 01:52:51 [kill] 10x_screening/nux killed (gt stop)
2026-01-04 01:52:51 [kill] 10x_screening/refinery killed (gt stop)
2026-01-04 01:52:51 [kill] 10x_screening/witness killed (gt stop)
2026-01-04 01:52:51 [kill] fl_tanwa_info/furiosa killed (gt stop)
2026-01-04 01:52:51 [kill] fl_tanwa_info/refinery killed (gt stop)
2026-01-04 01:52:51 [kill] fl_tanwa_info/witness killed (gt stop)
2026-01-04 01:52:52 [kill] psu_teaching/witness killed (gt stop)
2026-01-04 01:54:52 [kill] 10x_screening/witness killed (gt stop)
2026-01-04 01:54:52 [kill] fl_tanwa_info/witness killed (gt stop)
2026-01-04 01:54:52 [kill] psu_teaching/witness killed (gt stop)
2026-01-04 01:55:38 [nudge] deacon nudged with "[from deacon] session-started"
